# JRE version: Java(TM) SE Runtime Environment (8.0_31-b13) (build 1.8.0_31-b13)
# Java VM: Java HotSpot(TM) 64-Bit Server VM (25.31-b07 mixed mode windows-amd64 compressed oops)
Heap:
 PSYoungGen      total 28672K, used 24858K [0x00000000eab00000, 0x00000000ee380000, 0x0000000100000000)
  eden space 26112K, 85% used [0x00000000eab00000,0x00000000ec0cd198,0x00000000ec480000)
  from space 2560K, 98% used [0x00000000ec480000,0x00000000ec6f9950,0x00000000ec700000)
  to   space 7680K, 0% used [0x00000000edc00000,0x00000000edc00000,0x00000000ee380000)
 ParOldGen       total 26112K, used 9345K [0x00000000c0000000, 0x00000000c1980000, 0x00000000eab00000)
  object space 26112K, 35% used [0x00000000c0000000,0x00000000c0920508,0x00000000c1980000)
 Metaspace       used 6206K, capacity 7088K, committed 7296K, reserved 1058816K
  class space    used 593K, capacity 616K, committed 640K, reserved 1048576K
GC Heap History (10 events):
Event: 1.493 GC heap before
{Heap before GC invocations=2 (full 0):
 PSYoungGen      total 18944K, used 4120K [0x00000000eab00000, 0x00000000ec000000, 0x0000000100000000)
  eden space 16384K, 9% used [0x00000000eab00000,0x00000000eac87648,0x00000000ebb00000)
  from space 2560K, 99% used [0x00000000ebb00000,0x00000000ebd7eab8,0x00000000ebd80000)
  to   space 2560K, 0% used [0x00000000ebd80000,0x00000000ebd80000,0x00000000ec000000)
 ParOldGen       total 44032K, used 904K [0x00000000c0000000, 0x00000000c2b00000, 0x00000000eab00000)
  object space 44032K, 2% used [0x00000000c0000000,0x00000000c00e21f0,0x00000000c2b00000)
 Metaspace       used 5473K, capacity 6448K, committed 6528K, reserved 1060864K
  class space    used 587K, capacity 616K, committed 640K, reserved 1048576K
Event: 1.497 GC heap after
Heap after GC invocations=2 (full 0):
 PSYoungGen      total 18944K, used 1911K [0x00000000eab00000, 0x00000000ec000000, 0x0000000100000000)
  eden space 16384K, 0% used [0x00000000eab00000,0x00000000eab00000,0x00000000ebb00000)
  from space 2560K, 74% used [0x00000000ebd80000,0x00000000ebf5dc78,0x00000000ec000000)
  to   space 2560K, 0% used [0x00000000ebb00000,0x00000000ebb00000,0x00000000ebd80000)
 ParOldGen       total 44032K, used 912K [0x00000000c0000000, 0x00000000c2b00000, 0x00000000eab00000)
  object space 44032K, 2% used [0x00000000c0000000,0x00000000c00e41f0,0x00000000c2b00000)
 Metaspace       used 5473K, capacity 6448K, committed 6528K, reserved 1060864K
  class space    used 587K, capacity 616K, committed 640K, reserved 1048576K
}
Event: 1.497 GC heap before
{Heap before GC invocations=3 (full 1):
 PSYoungGen      total 18944K, used 1911K [0x00000000eab00000, 0x00000000ec000000, 0x0000000100000000)
  eden space 16384K, 0% used [0x00000000eab00000,0x00000000eab00000,0x00000000ebb00000)
  from space 2560K, 74% used [0x00000000ebd80000,0x00000000ebf5dc78,0x00000000ec000000)
  to   space 2560K, 0% used [0x00000000ebb00000,0x00000000ebb00000,0x00000000ebd80000)
 ParOldGen       total 44032K, used 912K [0x00000000c0000000, 0x00000000c2b00000, 0x00000000eab00000)
  object space 44032K, 2% used [0x00000000c0000000,0x00000000c00e41f0,0x00000000c2b00000)
 Metaspace       used 5473K, capacity 6448K, committed 6528K, reserved 1060864K
  class space    used 587K, capacity 616K, committed 640K, reserved 1048576K
Event: 1.577 GC heap after
Heap after GC invocations=3 (full 1):
 PSYoungGen      total 18944K, used 0K [0x00000000eab00000, 0x00000000ec000000, 0x0000000100000000)
  eden space 16384K, 0% used [0x00000000eab00000,0x00000000eab00000,0x00000000ebb00000)
  from space 2560K, 0% used [0x00000000ebd80000,0x00000000ebd80000,0x00000000ec000000)
  to   space 2560K, 0% used [0x00000000ebb00000,0x00000000ebb00000,0x00000000ebd80000)
 ParOldGen       total 26112K, used 1849K [0x00000000c0000000, 0x00000000c1980000, 0x00000000eab00000)
  object space 26112K, 7% used [0x00000000c0000000,0x00000000c01ce4f8,0x00000000c1980000)
 Metaspace       used 5473K, capacity 6448K, committed 6528K, reserved 1058816K
  class space    used 587K, capacity 616K, committed 640K, reserved 1048576K
}
Event: 4.206 GC heap before
{Heap before GC invocations=4 (full 1):
 PSYoungGen      total 18944K, used 16384K [0x00000000eab00000, 0x00000000ec000000, 0x0000000100000000)
  eden space 16384K, 100% used [0x00000000eab00000,0x00000000ebb00000,0x00000000ebb00000)
  from space 2560K, 0% used [0x00000000ebd80000,0x00000000ebd80000,0x00000000ec000000)
  to   space 2560K, 0% used [0x00000000ebb00000,0x00000000ebb00000,0x00000000ebd80000)
 ParOldGen       total 26112K, used 1849K [0x00000000c0000000, 0x00000000c1980000, 0x00000000eab00000)
  object space 26112K, 7% used [0x00000000c0000000,0x00000000c01ce4f8,0x00000000c1980000)
 Metaspace       used 5996K, capacity 6960K, committed 7040K, reserved 1058816K
  class space    used 592K, capacity 616K, committed 640K, reserved 1048576K
Event: 4.372 GC heap after
Heap after GC invocations=4 (full 1):
 PSYoungGen      total 18944K, used 2560K [0x00000000eab00000, 0x00000000ec980000, 0x0000000100000000)
  eden space 16384K, 0% used [0x00000000eab00000,0x00000000eab00000,0x00000000ebb00000)
  from space 2560K, 100% used [0x00000000ebb00000,0x00000000ebd80000,0x00000000ebd80000)
  to   space 2560K, 0% used [0x00000000ec700000,0x00000000ec700000,0x00000000ec980000)
 ParOldGen       total 26112K, used 1880K [0x00000000c0000000, 0x00000000c1980000, 0x00000000eab00000)
  object space 26112K, 7% used [0x00000000c0000000,0x00000000c01d6170,0x00000000c1980000)
 Metaspace       used 5996K, capacity 6960K, committed 7040K, reserved 1058816K
  class space    used 592K, capacity 616K, committed 640K, reserved 1048576K
}
Event: 5.366 GC heap before
{Heap before GC invocations=5 (full 1):
 PSYoungGen      total 18944K, used 18944K [0x00000000eab00000, 0x00000000ec980000, 0x0000000100000000)
  eden space 16384K, 100% used [0x00000000eab00000,0x00000000ebb00000,0x00000000ebb00000)
  from space 2560K, 100% used [0x00000000ebb00000,0x00000000ebd80000,0x00000000ebd80000)
  to   space 2560K, 0% used [0x00000000ec700000,0x00000000ec700000,0x00000000ec980000)
 ParOldGen       total 26112K, used 1880K [0x00000000c0000000, 0x00000000c1980000, 0x00000000eab00000)
  object space 26112K, 7% used [0x00000000c0000000,0x00000000c01d6170,0x00000000c1980000)
 Metaspace       used 6114K, capacity 7024K, committed 7296K, reserved 1058816K
  class space    used 592K, capacity 616K, committed 640K, reserved 1048576K
Event: 5.465 GC heap after
Heap after GC invocations=5 (full 1):
 PSYoungGen      total 28672K, used 2534K [0x00000000eab00000, 0x00000000eca00000, 0x0000000100000000)
  eden space 26112K, 0% used [0x00000000eab00000,0x00000000eab00000,0x00000000ec480000)
  from space 2560K, 98% used [0x00000000ec700000,0x00000000ec979808,0x00000000ec980000)
  to   space 2560K, 0% used [0x00000000ec480000,0x00000000ec480000,0x00000000ec700000)
 ParOldGen       total 26112K, used 4873K [0x00000000c0000000, 0x00000000c1980000, 0x00000000eab00000)
  object space 26112K, 18% used [0x00000000c0000000,0x00000000c04c2518,0x00000000c1980000)
 Metaspace       used 6114K, capacity 7024K, committed 7296K, reserved 1058816K
  class space    used 592K, capacity 616K, committed 640K, reserved 1048576K
}
Event: 7.075 GC heap before
{Heap before GC invocations=6 (full 1):
 PSYoungGen      total 28672K, used 28646K [0x00000000eab00000, 0x00000000eca00000, 0x0000000100000000)
  eden space 26112K, 100% used [0x00000000eab00000,0x00000000ec480000,0x00000000ec480000)
  from space 2560K, 98% used [0x00000000ec700000,0x00000000ec979808,0x00000000ec980000)
  to   space 2560K, 0% used [0x00000000ec480000,0x00000000ec480000,0x00000000ec700000)
 ParOldGen       total 26112K, used 4873K [0x00000000c0000000, 0x00000000c1980000, 0x00000000eab00000)
  object space 26112K, 18% used [0x00000000c0000000,0x00000000c04c2518,0x00000000c1980000)
 Metaspace       used 6181K, capacity 7088K, committed 7296K, reserved 1058816K
  class space    used 593K, capacity 616K, committed 640K, reserved 1048576K
Event: 7.243 GC heap after
Heap after GC invocations=6 (full 1):
 PSYoungGen      total 28672K, used 2534K [0x00000000eab00000, 0x00000000ee380000, 0x0000000100000000)
  eden space 26112K, 0% used [0x00000000eab00000,0x00000000eab00000,0x00000000ec480000)
  from space 2560K, 98% used [0x00000000ec480000,0x00000000ec6f9950,0x00000000ec700000)
  to   space 7680K, 0% used [0x00000000edc00000,0x00000000edc00000,0x00000000ee380000)
 ParOldGen       total 26112K, used 9345K [0x00000000c0000000, 0x00000000c1980000, 0x00000000eab00000)
  object space 26112K, 35% used [0x00000000c0000000,0x00000000c0920508,0x00000000c1980000)
 Metaspace       used 6181K, capacity 7088K, committed 7296K, reserved 1058816K
  class space    used 593K, capacity 616K, committed 640K, reserved 1048576K
}

